-- The CXX compiler identification is GNU 13.3.0
-- Detecting CXX compiler ABI info
-- Detecting CXX compiler ABI info - done
-- Check for working CXX compiler: /usr/bin/c++ - skipped
-- Detecting CXX compile features
-- Detecting CXX compile features - done
-- Found ros2_control_cmake: 0.3.0 (/opt/ros/jazzy/share/ros2_control_cmake/cmake)
-- Compiler warnings enabled for GNU
-- Detected GCC Version: 13.3.0 (Major: 13, Minor: 3)
-- Found controller_manager: 4.38.0 (/opt/ros/jazzy/share/controller_manager/cmake)
-- Found Python3: /usr/bin/python3 (found version "3.12.3") found components: Interpreter 
-- Override CMake install command with custom implementation using symlinks instead of copying resources
-- Found rosidl_generator_c: 4.6.6 (/opt/ros/jazzy/share/rosidl_generator_c/cmake)
-- Found rosidl_generator_cpp: 4.6.6 (/opt/ros/jazzy/share/rosidl_generator_cpp/cmake)
-- Using all available rosidl_typesupport_c: rosidl_typesupport_fastrtps_c;rosidl_typesupport_introspection_c
-- Using all available rosidl_typesupport_cpp: rosidl_typesupport_fastrtps_cpp;rosidl_typesupport_introspection_cpp
-- Found rmw_implementation_cmake: 7.3.2 (/opt/ros/jazzy/share/rmw_implementation_cmake/cmake)
-- Found rmw_fastrtps_cpp: 8.4.3 (/opt/ros/jazzy/share/rmw_fastrtps_cpp/cmake)
-- Found OpenSSL: /usr/lib/x86_64-linux-gnu/libcrypto.so (found version "3.0.13")  
-- Found FastRTPS: /opt/ros/jazzy/include (Required is at least version "2.13") 
-- Using RMW implementation 'rmw_fastrtps_cpp' as default
-- Found kdl_parser: 2.11.0 (/opt/ros/jazzy/share/kdl_parser/cmake)
-- Found eigen3_cmake_module: 0.3.0 (/opt/ros/jazzy/share/eigen3_cmake_module/cmake)
-- Found Eigen3: TRUE (found version "3.4.0") 
-- Ensuring Eigen3 include directory is part of orocos-kdl CMake target
-- Found ament_cmake_pytest: 2.5.4 (/opt/ros/jazzy/share/ament_cmake_pytest/cmake)
-- Found ament_cmake_ros: 0.12.0 (/opt/ros/jazzy/share/ament_cmake_ros/cmake)
-- Found launch_testing_ament_cmake: 3.4.7 (/opt/ros/jazzy/share/launch_testing_ament_cmake/cmake)
-- Found python_cmake_module: 0.11.1 (/opt/ros/jazzy/share/python_cmake_module/cmake)
-- Found PythonExtra: /usr/bin/python3  
-- Configuring done (21.2s)
-- Generating done (1.3s)
-- Build files have been written to: /mnt/c/Users/adeza/OneDrive/Escritorio/2MII/IngenieriaSoftware/SE25/ros2_robot_ws/build/ros2_control_demo_example_7
[ 20%] [32mBuilding CXX object CMakeFiles/send_trajectory.dir/reference_generator/send_trajectory.cpp.o[0m
[ 60%] [32mBuilding CXX object CMakeFiles/ros2_control_demo_example_7.dir/hardware/r6bot_hardware.cpp.o[0m
[ 60%] [32mBuilding CXX object CMakeFiles/ros2_control_demo_example_7.dir/controller/r6bot_controller.cpp.o[0m
[ 80%] [32m[1mLinking CXX executable send_trajectory[0m
[ 80%] Built target send_trajectory
[100%] [32m[1mLinking CXX shared library libros2_control_demo_example_7.so[0m
[100%] Built target ros2_control_demo_example_7
-- Install configuration: ""
-- Execute custom install script
-- Symlinking: /mnt/c/Users/adeza/OneDrive/Escritorio/2MII/IngenieriaSoftware/SE25/ros2_robot_ws/install/ros2_control_demo_example_7/share/ros2_control_demo_example_7//ros2_control_demo_example_7.xml
-- Up-to-date symlink: /mnt/c/Users/adeza/OneDrive/Escritorio/2MII/IngenieriaSoftware/SE25/ros2_robot_ws/install/ros2_control_demo_example_7/share/ros2_control_demo_example_7//ros2_control_demo_example_7.xml
-- Symlinking: /mnt/c/Users/adeza/OneDrive/Escritorio/2MII/IngenieriaSoftware/SE25/ros2_robot_ws/install/ros2_control_demo_example_7/include/ros2_control_demo_example_7/ros2_control_demo_example_7/r6bot_hardware.hpp
-- Symlinking: /mnt/c/Users/adeza/OneDrive/Escritorio/2MII/IngenieriaSoftware/SE25/ros2_robot_ws/install/ros2_control_demo_example_7/share/ros2_control_demo_example_7/launch/view_r6bot.launch.py
-- Symlinking: /mnt/c/Users/adeza/OneDrive/Escritorio/2MII/IngenieriaSoftware/SE25/ros2_robot_ws/install/ros2_control_demo_example_7/share/ros2_control_demo_example_7/ros2_control/r6bot.ros2_control.xacro
-- Symlinking: /mnt/c/Users/adeza/OneDrive/Escritorio/2MII/IngenieriaSoftware/SE25/ros2_robot_ws/install/ros2_control_demo_example_7/share/ros2_control_demo_example_7/urdf/r6bot.urdf.xacro
-- Symlinking: /mnt/c/Users/adeza/OneDrive/Escritorio/2MII/IngenieriaSoftware/SE25/ros2_robot_ws/install/ros2_control_demo_example_7/share/ros2_control_demo_example_7/launch/r6bot_controller.launch.py
-- Symlinking: /mnt/c/Users/adeza/OneDrive/Escritorio/2MII/IngenieriaSoftware/SE25/ros2_robot_ws/install/ros2_control_demo_example_7/share/ros2_control_demo_example_7/launch/send_trajectory.launch.py
-- Symlinking: /mnt/c/Users/adeza/OneDrive/Escritorio/2MII/IngenieriaSoftware/SE25/ros2_robot_ws/install/ros2_control_demo_example_7/share/ros2_control_demo_example_7/config/r6bot_controller.yaml
-- Symlinking: /mnt/c/Users/adeza/OneDrive/Escritorio/2MII/IngenieriaSoftware/SE25/ros2_robot_ws/install/ros2_control_demo_example_7/lib/ros2_control_demo_example_7/send_trajectory
-- Symlinking: /mnt/c/Users/adeza/OneDrive/Escritorio/2MII/IngenieriaSoftware/SE25/ros2_robot_ws/install/ros2_control_demo_example_7/share/ros2_control_demo_example_7/environment/library_path.sh
-- Symlinking: /mnt/c/Users/adeza/OneDrive/Escritorio/2MII/IngenieriaSoftware/SE25/ros2_robot_ws/install/ros2_control_demo_example_7/share/ros2_control_demo_example_7/environment/library_path.dsv
-- Symlinking: /mnt/c/Users/adeza/OneDrive/Escritorio/2MII/IngenieriaSoftware/SE25/ros2_robot_ws/install/ros2_control_demo_example_7/share/ament_index/resource_index/package_run_dependencies/ros2_control_demo_example_7
-- Symlinking: /mnt/c/Users/adeza/OneDrive/Escritorio/2MII/IngenieriaSoftware/SE25/ros2_robot_ws/install/ros2_control_demo_example_7/share/ament_index/resource_index/parent_prefix_path/ros2_control_demo_example_7
-- Symlinking: /mnt/c/Users/adeza/OneDrive/Escritorio/2MII/IngenieriaSoftware/SE25/ros2_robot_ws/install/ros2_control_demo_example_7/share/ros2_control_demo_example_7/environment/ament_prefix_path.sh
-- Symlinking: /mnt/c/Users/adeza/OneDrive/Escritorio/2MII/IngenieriaSoftware/SE25/ros2_robot_ws/install/ros2_control_demo_example_7/share/ros2_control_demo_example_7/environment/ament_prefix_path.dsv
-- Symlinking: /mnt/c/Users/adeza/OneDrive/Escritorio/2MII/IngenieriaSoftware/SE25/ros2_robot_ws/install/ros2_control_demo_example_7/share/ros2_control_demo_example_7/environment/path.sh
-- Symlinking: /mnt/c/Users/adeza/OneDrive/Escritorio/2MII/IngenieriaSoftware/SE25/ros2_robot_ws/install/ros2_control_demo_example_7/share/ros2_control_demo_example_7/environment/path.dsv
-- Symlinking: /mnt/c/Users/adeza/OneDrive/Escritorio/2MII/IngenieriaSoftware/SE25/ros2_robot_ws/install/ros2_control_demo_example_7/share/ros2_control_demo_example_7/local_setup.bash
-- Symlinking: /mnt/c/Users/adeza/OneDrive/Escritorio/2MII/IngenieriaSoftware/SE25/ros2_robot_ws/install/ros2_control_demo_example_7/share/ros2_control_demo_example_7/local_setup.sh
-- Symlinking: /mnt/c/Users/adeza/OneDrive/Escritorio/2MII/IngenieriaSoftware/SE25/ros2_robot_ws/install/ros2_control_demo_example_7/share/ros2_control_demo_example_7/local_setup.zsh
-- Symlinking: /mnt/c/Users/adeza/OneDrive/Escritorio/2MII/IngenieriaSoftware/SE25/ros2_robot_ws/install/ros2_control_demo_example_7/share/ros2_control_demo_example_7/local_setup.dsv
-- Symlinking: /mnt/c/Users/adeza/OneDrive/Escritorio/2MII/IngenieriaSoftware/SE25/ros2_robot_ws/install/ros2_control_demo_example_7/share/ros2_control_demo_example_7/package.dsv
-- Symlinking: /mnt/c/Users/adeza/OneDrive/Escritorio/2MII/IngenieriaSoftware/SE25/ros2_robot_ws/install/ros2_control_demo_example_7/share/ament_index/resource_index/packages/ros2_control_demo_example_7
-- Symlinking: /mnt/c/Users/adeza/OneDrive/Escritorio/2MII/IngenieriaSoftware/SE25/ros2_robot_ws/install/ros2_control_demo_example_7/share/ament_index/resource_index/hardware_interface__pluginlib__plugin/ros2_control_demo_example_7
-- Symlinking: /mnt/c/Users/adeza/OneDrive/Escritorio/2MII/IngenieriaSoftware/SE25/ros2_robot_ws/install/ros2_control_demo_example_7/share/ament_index/resource_index/controller_interface__pluginlib__plugin/ros2_control_demo_example_7
-- Symlinking: /mnt/c/Users/adeza/OneDrive/Escritorio/2MII/IngenieriaSoftware/SE25/ros2_robot_ws/install/ros2_control_demo_example_7/share/ros2_control_demo_example_7/cmake/ament_cmake_export_targets-extras.cmake
-- Symlinking: /mnt/c/Users/adeza/OneDrive/Escritorio/2MII/IngenieriaSoftware/SE25/ros2_robot_ws/install/ros2_control_demo_example_7/share/ros2_control_demo_example_7/cmake/ament_cmake_export_dependencies-extras.cmake
-- Symlinking: /mnt/c/Users/adeza/OneDrive/Escritorio/2MII/IngenieriaSoftware/SE25/ros2_robot_ws/install/ros2_control_demo_example_7/share/ros2_control_demo_example_7/cmake/ros2_control_demo_example_7Config.cmake
-- Symlinking: /mnt/c/Users/adeza/OneDrive/Escritorio/2MII/IngenieriaSoftware/SE25/ros2_robot_ws/install/ros2_control_demo_example_7/share/ros2_control_demo_example_7/cmake/ros2_control_demo_example_7Config-version.cmake
-- Symlinking: /mnt/c/Users/adeza/OneDrive/Escritorio/2MII/IngenieriaSoftware/SE25/ros2_robot_ws/install/ros2_control_demo_example_7/share/ros2_control_demo_example_7/package.xml
-- Installing: /mnt/c/Users/adeza/OneDrive/Escritorio/2MII/IngenieriaSoftware/SE25/ros2_robot_ws/install/ros2_control_demo_example_7/lib/libros2_control_demo_example_7.so
-- Set non-toolchain portion of runtime path of "/mnt/c/Users/adeza/OneDrive/Escritorio/2MII/IngenieriaSoftware/SE25/ros2_robot_ws/install/ros2_control_demo_example_7/lib/libros2_control_demo_example_7.so" to ""
-- Installing: /mnt/c/Users/adeza/OneDrive/Escritorio/2MII/IngenieriaSoftware/SE25/ros2_robot_ws/install/ros2_control_demo_example_7/share/ros2_control_demo_example_7/cmake/export_ros2_control_demo_example_7Export.cmake
-- Installing: /mnt/c/Users/adeza/OneDrive/Escritorio/2MII/IngenieriaSoftware/SE25/ros2_robot_ws/install/ros2_control_demo_example_7/share/ros2_control_demo_example_7/cmake/export_ros2_control_demo_example_7Export-noconfig.cmake
