[0.340s] Invoking command in '/mnt/c/Users/adeza/OneDrive/Escritorio/2MII/IngenieriaSoftware/SE25/ros2_robot_ws/build/ros2_control_demo_example_7': AMENT_PREFIX_PATH=/mnt/c/Users/adeza/OneDrive/Escritorio/2MII/IngenieriaSoftware/SE25/ros2_robot_ws/install/ros2_control_demo_description:${AMENT_PREFIX_PATH} CMAKE_PREFIX_PATH=/mnt/c/Users/adeza/OneDrive/Escritorio/2MII/IngenieriaSoftware/SE25/ros2_robot_ws/install/ros2_control_demo_description:/opt/ros/jazzy/opt/gz_sim_vendor:/opt/ros/jazzy/opt/gz_sensors_vendor:/opt/ros/jazzy/opt/gz_physics_vendor:/opt/ros/jazzy/opt/sdformat_vendor:/opt/ros/jazzy/opt/gz_gui_vendor:/opt/ros/jazzy/opt/gz_transport_vendor:/opt/ros/jazzy/opt/gz_rendering_vendor:/opt/ros/jazzy/opt/gz_plugin_vendor:/opt/ros/jazzy/opt/gz_fuel_tools_vendor:/opt/ros/jazzy/opt/gz_msgs_vendor:/opt/ros/jazzy/opt/gz_common_vendor:/opt/ros/jazzy/opt/gz_math_vendor:/opt/ros/jazzy/opt/gz_utils_vendor:/opt/ros/jazzy/opt/gz_tools_vendor:/opt/ros/jazzy/opt/gz_ogre_next_vendor:/opt/ros/jazzy/opt/gz_dartsim_vendor:/opt/ros/jazzy/opt/gz_cmake_vendor:/opt/ros/jazzy /usr/bin/cmake /mnt/c/Users/adeza/OneDrive/Escritorio/2MII/IngenieriaSoftware/SE25/ros2_robot_ws/src/ros2_control_demo_example_7 -DAMENT_CMAKE_SYMLINK_INSTALL=1 -DCMAKE_INSTALL_PREFIX=/mnt/c/Users/adeza/OneDrive/Escritorio/2MII/IngenieriaSoftware/SE25/ros2_robot_ws/install/ros2_control_demo_example_7
[0.761s] -- The CXX compiler identification is GNU 13.3.0
[1.375s] -- Detecting CXX compiler ABI info
[3.135s] -- Detecting CXX compiler ABI info - done
[3.202s] -- Check for working CXX compiler: /usr/bin/c++ - skipped
[3.204s] -- Detecting CXX compile features
[3.207s] -- Detecting CXX compile features - done
[3.406s] -- Found ros2_control_cmake: 0.3.0 (/opt/ros/jazzy/share/ros2_control_cmake/cmake)
[3.408s] -- Compiler warnings enabled for GNU
[3.409s] -- Detected GCC Version: 13.3.0 (Major: 13, Minor: 3)
[3.463s] -- Found controller_manager: 4.38.0 (/opt/ros/jazzy/share/controller_manager/cmake)
[4.471s] -- Found Python3: /usr/bin/python3 (found version "3.12.3") found components: Interpreter 
[4.669s] -- Override CMake install command with custom implementation using symlinks instead of copying resources
[7.471s] -- Found rosidl_generator_c: 4.6.6 (/opt/ros/jazzy/share/rosidl_generator_c/cmake)
[7.787s] -- Found rosidl_generator_cpp: 4.6.6 (/opt/ros/jazzy/share/rosidl_generator_cpp/cmake)
[8.011s] -- Using all available rosidl_typesupport_c: rosidl_typesupport_fastrtps_c;rosidl_typesupport_introspection_c
[8.217s] -- Using all available rosidl_typesupport_cpp: rosidl_typesupport_fastrtps_cpp;rosidl_typesupport_introspection_cpp
[9.237s] -- Found rmw_implementation_cmake: 7.3.2 (/opt/ros/jazzy/share/rmw_implementation_cmake/cmake)
[9.372s] -- Found rmw_fastrtps_cpp: 8.4.3 (/opt/ros/jazzy/share/rmw_fastrtps_cpp/cmake)
[10.172s] -- Found OpenSSL: /usr/lib/x86_64-linux-gnu/libcrypto.so (found version "3.0.13")  
[10.524s] -- Found FastRTPS: /opt/ros/jazzy/include (Required is at least version "2.13") 
[10.643s] -- Using RMW implementation 'rmw_fastrtps_cpp' as default
[16.461s] -- Found kdl_parser: 2.11.0 (/opt/ros/jazzy/share/kdl_parser/cmake)
[16.732s] -- Found eigen3_cmake_module: 0.3.0 (/opt/ros/jazzy/share/eigen3_cmake_module/cmake)
[16.745s] -- Found Eigen3: TRUE (found version "3.4.0") 
[16.747s] -- Ensuring Eigen3 include directory is part of orocos-kdl CMake target
[17.357s] -- Found ament_cmake_pytest: 2.5.4 (/opt/ros/jazzy/share/ament_cmake_pytest/cmake)
[18.405s] -- Found ament_cmake_ros: 0.12.0 (/opt/ros/jazzy/share/ament_cmake_ros/cmake)
[18.740s] -- Found launch_testing_ament_cmake: 3.4.7 (/opt/ros/jazzy/share/launch_testing_ament_cmake/cmake)
[18.800s] -- Found python_cmake_module: 0.11.1 (/opt/ros/jazzy/share/python_cmake_module/cmake)
[18.949s] -- Found PythonExtra: /usr/bin/python3  
[21.591s] -- Configuring done (21.2s)
[23.103s] -- Generating done (1.3s)
[23.903s] -- Build files have been written to: /mnt/c/Users/adeza/OneDrive/Escritorio/2MII/IngenieriaSoftware/SE25/ros2_robot_ws/build/ros2_control_demo_example_7
[23.916s] Invoked command in '/mnt/c/Users/adeza/OneDrive/Escritorio/2MII/IngenieriaSoftware/SE25/ros2_robot_ws/build/ros2_control_demo_example_7' returned '0': AMENT_PREFIX_PATH=/mnt/c/Users/adeza/OneDrive/Escritorio/2MII/IngenieriaSoftware/SE25/ros2_robot_ws/install/ros2_control_demo_description:${AMENT_PREFIX_PATH} CMAKE_PREFIX_PATH=/mnt/c/Users/adeza/OneDrive/Escritorio/2MII/IngenieriaSoftware/SE25/ros2_robot_ws/install/ros2_control_demo_description:/opt/ros/jazzy/opt/gz_sim_vendor:/opt/ros/jazzy/opt/gz_sensors_vendor:/opt/ros/jazzy/opt/gz_physics_vendor:/opt/ros/jazzy/opt/sdformat_vendor:/opt/ros/jazzy/opt/gz_gui_vendor:/opt/ros/jazzy/opt/gz_transport_vendor:/opt/ros/jazzy/opt/gz_rendering_vendor:/opt/ros/jazzy/opt/gz_plugin_vendor:/opt/ros/jazzy/opt/gz_fuel_tools_vendor:/opt/ros/jazzy/opt/gz_msgs_vendor:/opt/ros/jazzy/opt/gz_common_vendor:/opt/ros/jazzy/opt/gz_math_vendor:/opt/ros/jazzy/opt/gz_utils_vendor:/opt/ros/jazzy/opt/gz_tools_vendor:/opt/ros/jazzy/opt/gz_ogre_next_vendor:/opt/ros/jazzy/opt/gz_dartsim_vendor:/opt/ros/jazzy/opt/gz_cmake_vendor:/opt/ros/jazzy /usr/bin/cmake /mnt/c/Users/adeza/OneDrive/Escritorio/2MII/IngenieriaSoftware/SE25/ros2_robot_ws/src/ros2_control_demo_example_7 -DAMENT_CMAKE_SYMLINK_INSTALL=1 -DCMAKE_INSTALL_PREFIX=/mnt/c/Users/adeza/OneDrive/Escritorio/2MII/IngenieriaSoftware/SE25/ros2_robot_ws/install/ros2_control_demo_example_7
[23.949s] Invoking command in '/mnt/c/Users/adeza/OneDrive/Escritorio/2MII/IngenieriaSoftware/SE25/ros2_robot_ws/build/ros2_control_demo_example_7': AMENT_PREFIX_PATH=/mnt/c/Users/adeza/OneDrive/Escritorio/2MII/IngenieriaSoftware/SE25/ros2_robot_ws/install/ros2_control_demo_description:${AMENT_PREFIX_PATH} CMAKE_PREFIX_PATH=/mnt/c/Users/adeza/OneDrive/Escritorio/2MII/IngenieriaSoftware/SE25/ros2_robot_ws/install/ros2_control_demo_description:/opt/ros/jazzy/opt/gz_sim_vendor:/opt/ros/jazzy/opt/gz_sensors_vendor:/opt/ros/jazzy/opt/gz_physics_vendor:/opt/ros/jazzy/opt/sdformat_vendor:/opt/ros/jazzy/opt/gz_gui_vendor:/opt/ros/jazzy/opt/gz_transport_vendor:/opt/ros/jazzy/opt/gz_rendering_vendor:/opt/ros/jazzy/opt/gz_plugin_vendor:/opt/ros/jazzy/opt/gz_fuel_tools_vendor:/opt/ros/jazzy/opt/gz_msgs_vendor:/opt/ros/jazzy/opt/gz_common_vendor:/opt/ros/jazzy/opt/gz_math_vendor:/opt/ros/jazzy/opt/gz_utils_vendor:/opt/ros/jazzy/opt/gz_tools_vendor:/opt/ros/jazzy/opt/gz_ogre_next_vendor:/opt/ros/jazzy/opt/gz_dartsim_vendor:/opt/ros/jazzy/opt/gz_cmake_vendor:/opt/ros/jazzy /usr/bin/cmake --build /mnt/c/Users/adeza/OneDrive/Escritorio/2MII/IngenieriaSoftware/SE25/ros2_robot_ws/build/ros2_control_demo_example_7 -- -j8 -l8
[24.373s] [ 20%] [32mBuilding CXX object CMakeFiles/send_trajectory.dir/reference_generator/send_trajectory.cpp.o[0m
[24.401s] [ 60%] [32mBuilding CXX object CMakeFiles/ros2_control_demo_example_7.dir/hardware/r6bot_hardware.cpp.o[0m
[24.403s] [ 60%] [32mBuilding CXX object CMakeFiles/ros2_control_demo_example_7.dir/controller/r6bot_controller.cpp.o[0m
[33.620s] [ 80%] [32m[1mLinking CXX executable send_trajectory[0m
[37.328s] [ 80%] Built target send_trajectory
[46.185s] [100%] [32m[1mLinking CXX shared library libros2_control_demo_example_7.so[0m
[57.246s] [100%] Built target ros2_control_demo_example_7
[57.380s] Invoked command in '/mnt/c/Users/adeza/OneDrive/Escritorio/2MII/IngenieriaSoftware/SE25/ros2_robot_ws/build/ros2_control_demo_example_7' returned '0': AMENT_PREFIX_PATH=/mnt/c/Users/adeza/OneDrive/Escritorio/2MII/IngenieriaSoftware/SE25/ros2_robot_ws/install/ros2_control_demo_description:${AMENT_PREFIX_PATH} CMAKE_PREFIX_PATH=/mnt/c/Users/adeza/OneDrive/Escritorio/2MII/IngenieriaSoftware/SE25/ros2_robot_ws/install/ros2_control_demo_description:/opt/ros/jazzy/opt/gz_sim_vendor:/opt/ros/jazzy/opt/gz_sensors_vendor:/opt/ros/jazzy/opt/gz_physics_vendor:/opt/ros/jazzy/opt/sdformat_vendor:/opt/ros/jazzy/opt/gz_gui_vendor:/opt/ros/jazzy/opt/gz_transport_vendor:/opt/ros/jazzy/opt/gz_rendering_vendor:/opt/ros/jazzy/opt/gz_plugin_vendor:/opt/ros/jazzy/opt/gz_fuel_tools_vendor:/opt/ros/jazzy/opt/gz_msgs_vendor:/opt/ros/jazzy/opt/gz_common_vendor:/opt/ros/jazzy/opt/gz_math_vendor:/opt/ros/jazzy/opt/gz_utils_vendor:/opt/ros/jazzy/opt/gz_tools_vendor:/opt/ros/jazzy/opt/gz_ogre_next_vendor:/opt/ros/jazzy/opt/gz_dartsim_vendor:/opt/ros/jazzy/opt/gz_cmake_vendor:/opt/ros/jazzy /usr/bin/cmake --build /mnt/c/Users/adeza/OneDrive/Escritorio/2MII/IngenieriaSoftware/SE25/ros2_robot_ws/build/ros2_control_demo_example_7 -- -j8 -l8
[57.461s] Invoking command in '/mnt/c/Users/adeza/OneDrive/Escritorio/2MII/IngenieriaSoftware/SE25/ros2_robot_ws/build/ros2_control_demo_example_7': AMENT_PREFIX_PATH=/mnt/c/Users/adeza/OneDrive/Escritorio/2MII/IngenieriaSoftware/SE25/ros2_robot_ws/install/ros2_control_demo_description:${AMENT_PREFIX_PATH} CMAKE_PREFIX_PATH=/mnt/c/Users/adeza/OneDrive/Escritorio/2MII/IngenieriaSoftware/SE25/ros2_robot_ws/install/ros2_control_demo_description:/opt/ros/jazzy/opt/gz_sim_vendor:/opt/ros/jazzy/opt/gz_sensors_vendor:/opt/ros/jazzy/opt/gz_physics_vendor:/opt/ros/jazzy/opt/sdformat_vendor:/opt/ros/jazzy/opt/gz_gui_vendor:/opt/ros/jazzy/opt/gz_transport_vendor:/opt/ros/jazzy/opt/gz_rendering_vendor:/opt/ros/jazzy/opt/gz_plugin_vendor:/opt/ros/jazzy/opt/gz_fuel_tools_vendor:/opt/ros/jazzy/opt/gz_msgs_vendor:/opt/ros/jazzy/opt/gz_common_vendor:/opt/ros/jazzy/opt/gz_math_vendor:/opt/ros/jazzy/opt/gz_utils_vendor:/opt/ros/jazzy/opt/gz_tools_vendor:/opt/ros/jazzy/opt/gz_ogre_next_vendor:/opt/ros/jazzy/opt/gz_dartsim_vendor:/opt/ros/jazzy/opt/gz_cmake_vendor:/opt/ros/jazzy /usr/bin/cmake --install /mnt/c/Users/adeza/OneDrive/Escritorio/2MII/IngenieriaSoftware/SE25/ros2_robot_ws/build/ros2_control_demo_example_7
[57.501s] -- Install configuration: ""
[57.537s] -- Execute custom install script
[57.557s] -- Symlinking: /mnt/c/Users/adeza/OneDrive/Escritorio/2MII/IngenieriaSoftware/SE25/ros2_robot_ws/install/ros2_control_demo_example_7/share/ros2_control_demo_example_7//ros2_control_demo_example_7.xml
[57.663s] -- Up-to-date symlink: /mnt/c/Users/adeza/OneDrive/Escritorio/2MII/IngenieriaSoftware/SE25/ros2_robot_ws/install/ros2_control_demo_example_7/share/ros2_control_demo_example_7//ros2_control_demo_example_7.xml
[57.791s] -- Symlinking: /mnt/c/Users/adeza/OneDrive/Escritorio/2MII/IngenieriaSoftware/SE25/ros2_robot_ws/install/ros2_control_demo_example_7/include/ros2_control_demo_example_7/ros2_control_demo_example_7/r6bot_hardware.hpp
[58.012s] -- Symlinking: /mnt/c/Users/adeza/OneDrive/Escritorio/2MII/IngenieriaSoftware/SE25/ros2_robot_ws/install/ros2_control_demo_example_7/share/ros2_control_demo_example_7/launch/view_r6bot.launch.py
[58.124s] -- Symlinking: /mnt/c/Users/adeza/OneDrive/Escritorio/2MII/IngenieriaSoftware/SE25/ros2_robot_ws/install/ros2_control_demo_example_7/share/ros2_control_demo_example_7/ros2_control/r6bot.ros2_control.xacro
[58.243s] -- Symlinking: /mnt/c/Users/adeza/OneDrive/Escritorio/2MII/IngenieriaSoftware/SE25/ros2_robot_ws/install/ros2_control_demo_example_7/share/ros2_control_demo_example_7/urdf/r6bot.urdf.xacro
[58.340s] -- Symlinking: /mnt/c/Users/adeza/OneDrive/Escritorio/2MII/IngenieriaSoftware/SE25/ros2_robot_ws/install/ros2_control_demo_example_7/share/ros2_control_demo_example_7/launch/r6bot_controller.launch.py
[58.431s] -- Symlinking: /mnt/c/Users/adeza/OneDrive/Escritorio/2MII/IngenieriaSoftware/SE25/ros2_robot_ws/install/ros2_control_demo_example_7/share/ros2_control_demo_example_7/launch/send_trajectory.launch.py
[58.594s] -- Symlinking: /mnt/c/Users/adeza/OneDrive/Escritorio/2MII/IngenieriaSoftware/SE25/ros2_robot_ws/install/ros2_control_demo_example_7/share/ros2_control_demo_example_7/config/r6bot_controller.yaml
[58.712s] -- Symlinking: /mnt/c/Users/adeza/OneDrive/Escritorio/2MII/IngenieriaSoftware/SE25/ros2_robot_ws/install/ros2_control_demo_example_7/lib/ros2_control_demo_example_7/send_trajectory
[58.818s] -- Symlinking: /mnt/c/Users/adeza/OneDrive/Escritorio/2MII/IngenieriaSoftware/SE25/ros2_robot_ws/install/ros2_control_demo_example_7/share/ros2_control_demo_example_7/environment/library_path.sh
[58.913s] -- Symlinking: /mnt/c/Users/adeza/OneDrive/Escritorio/2MII/IngenieriaSoftware/SE25/ros2_robot_ws/install/ros2_control_demo_example_7/share/ros2_control_demo_example_7/environment/library_path.dsv
[59.054s] -- Symlinking: /mnt/c/Users/adeza/OneDrive/Escritorio/2MII/IngenieriaSoftware/SE25/ros2_robot_ws/install/ros2_control_demo_example_7/share/ament_index/resource_index/package_run_dependencies/ros2_control_demo_example_7
[59.195s] -- Symlinking: /mnt/c/Users/adeza/OneDrive/Escritorio/2MII/IngenieriaSoftware/SE25/ros2_robot_ws/install/ros2_control_demo_example_7/share/ament_index/resource_index/parent_prefix_path/ros2_control_demo_example_7
[59.299s] -- Symlinking: /mnt/c/Users/adeza/OneDrive/Escritorio/2MII/IngenieriaSoftware/SE25/ros2_robot_ws/install/ros2_control_demo_example_7/share/ros2_control_demo_example_7/environment/ament_prefix_path.sh
[59.424s] -- Symlinking: /mnt/c/Users/adeza/OneDrive/Escritorio/2MII/IngenieriaSoftware/SE25/ros2_robot_ws/install/ros2_control_demo_example_7/share/ros2_control_demo_example_7/environment/ament_prefix_path.dsv
[59.517s] -- Symlinking: /mnt/c/Users/adeza/OneDrive/Escritorio/2MII/IngenieriaSoftware/SE25/ros2_robot_ws/install/ros2_control_demo_example_7/share/ros2_control_demo_example_7/environment/path.sh
[59.586s] -- Symlinking: /mnt/c/Users/adeza/OneDrive/Escritorio/2MII/IngenieriaSoftware/SE25/ros2_robot_ws/install/ros2_control_demo_example_7/share/ros2_control_demo_example_7/environment/path.dsv
[59.666s] -- Symlinking: /mnt/c/Users/adeza/OneDrive/Escritorio/2MII/IngenieriaSoftware/SE25/ros2_robot_ws/install/ros2_control_demo_example_7/share/ros2_control_demo_example_7/local_setup.bash
[59.757s] -- Symlinking: /mnt/c/Users/adeza/OneDrive/Escritorio/2MII/IngenieriaSoftware/SE25/ros2_robot_ws/install/ros2_control_demo_example_7/share/ros2_control_demo_example_7/local_setup.sh
[59.856s] -- Symlinking: /mnt/c/Users/adeza/OneDrive/Escritorio/2MII/IngenieriaSoftware/SE25/ros2_robot_ws/install/ros2_control_demo_example_7/share/ros2_control_demo_example_7/local_setup.zsh
[59.966s] -- Symlinking: /mnt/c/Users/adeza/OneDrive/Escritorio/2MII/IngenieriaSoftware/SE25/ros2_robot_ws/install/ros2_control_demo_example_7/share/ros2_control_demo_example_7/local_setup.dsv
[60.076s] -- Symlinking: /mnt/c/Users/adeza/OneDrive/Escritorio/2MII/IngenieriaSoftware/SE25/ros2_robot_ws/install/ros2_control_demo_example_7/share/ros2_control_demo_example_7/package.dsv
[60.197s] -- Symlinking: /mnt/c/Users/adeza/OneDrive/Escritorio/2MII/IngenieriaSoftware/SE25/ros2_robot_ws/install/ros2_control_demo_example_7/share/ament_index/resource_index/packages/ros2_control_demo_example_7
[60.320s] -- Symlinking: /mnt/c/Users/adeza/OneDrive/Escritorio/2MII/IngenieriaSoftware/SE25/ros2_robot_ws/install/ros2_control_demo_example_7/share/ament_index/resource_index/hardware_interface__pluginlib__plugin/ros2_control_demo_example_7
[60.444s] -- Symlinking: /mnt/c/Users/adeza/OneDrive/Escritorio/2MII/IngenieriaSoftware/SE25/ros2_robot_ws/install/ros2_control_demo_example_7/share/ament_index/resource_index/controller_interface__pluginlib__plugin/ros2_control_demo_example_7
[60.561s] -- Symlinking: /mnt/c/Users/adeza/OneDrive/Escritorio/2MII/IngenieriaSoftware/SE25/ros2_robot_ws/install/ros2_control_demo_example_7/share/ros2_control_demo_example_7/cmake/ament_cmake_export_targets-extras.cmake
[60.652s] -- Symlinking: /mnt/c/Users/adeza/OneDrive/Escritorio/2MII/IngenieriaSoftware/SE25/ros2_robot_ws/install/ros2_control_demo_example_7/share/ros2_control_demo_example_7/cmake/ament_cmake_export_dependencies-extras.cmake
[60.750s] -- Symlinking: /mnt/c/Users/adeza/OneDrive/Escritorio/2MII/IngenieriaSoftware/SE25/ros2_robot_ws/install/ros2_control_demo_example_7/share/ros2_control_demo_example_7/cmake/ros2_control_demo_example_7Config.cmake
[60.846s] -- Symlinking: /mnt/c/Users/adeza/OneDrive/Escritorio/2MII/IngenieriaSoftware/SE25/ros2_robot_ws/install/ros2_control_demo_example_7/share/ros2_control_demo_example_7/cmake/ros2_control_demo_example_7Config-version.cmake
[60.965s] -- Symlinking: /mnt/c/Users/adeza/OneDrive/Escritorio/2MII/IngenieriaSoftware/SE25/ros2_robot_ws/install/ros2_control_demo_example_7/share/ros2_control_demo_example_7/package.xml
[61.086s] -- Installing: /mnt/c/Users/adeza/OneDrive/Escritorio/2MII/IngenieriaSoftware/SE25/ros2_robot_ws/install/ros2_control_demo_example_7/lib/libros2_control_demo_example_7.so
[62.612s] -- Set non-toolchain portion of runtime path of "/mnt/c/Users/adeza/OneDrive/Escritorio/2MII/IngenieriaSoftware/SE25/ros2_robot_ws/install/ros2_control_demo_example_7/lib/libros2_control_demo_example_7.so" to ""
[62.705s] -- Installing: /mnt/c/Users/adeza/OneDrive/Escritorio/2MII/IngenieriaSoftware/SE25/ros2_robot_ws/install/ros2_control_demo_example_7/share/ros2_control_demo_example_7/cmake/export_ros2_control_demo_example_7Export.cmake
[63.011s] -- Installing: /mnt/c/Users/adeza/OneDrive/Escritorio/2MII/IngenieriaSoftware/SE25/ros2_robot_ws/install/ros2_control_demo_example_7/share/ros2_control_demo_example_7/cmake/export_ros2_control_demo_example_7Export-noconfig.cmake
[63.277s] Invoked command in '/mnt/c/Users/adeza/OneDrive/Escritorio/2MII/IngenieriaSoftware/SE25/ros2_robot_ws/build/ros2_control_demo_example_7' returned '0': AMENT_PREFIX_PATH=/mnt/c/Users/adeza/OneDrive/Escritorio/2MII/IngenieriaSoftware/SE25/ros2_robot_ws/install/ros2_control_demo_description:${AMENT_PREFIX_PATH} CMAKE_PREFIX_PATH=/mnt/c/Users/adeza/OneDrive/Escritorio/2MII/IngenieriaSoftware/SE25/ros2_robot_ws/install/ros2_control_demo_description:/opt/ros/jazzy/opt/gz_sim_vendor:/opt/ros/jazzy/opt/gz_sensors_vendor:/opt/ros/jazzy/opt/gz_physics_vendor:/opt/ros/jazzy/opt/sdformat_vendor:/opt/ros/jazzy/opt/gz_gui_vendor:/opt/ros/jazzy/opt/gz_transport_vendor:/opt/ros/jazzy/opt/gz_rendering_vendor:/opt/ros/jazzy/opt/gz_plugin_vendor:/opt/ros/jazzy/opt/gz_fuel_tools_vendor:/opt/ros/jazzy/opt/gz_msgs_vendor:/opt/ros/jazzy/opt/gz_common_vendor:/opt/ros/jazzy/opt/gz_math_vendor:/opt/ros/jazzy/opt/gz_utils_vendor:/opt/ros/jazzy/opt/gz_tools_vendor:/opt/ros/jazzy/opt/gz_ogre_next_vendor:/opt/ros/jazzy/opt/gz_dartsim_vendor:/opt/ros/jazzy/opt/gz_cmake_vendor:/opt/ros/jazzy /usr/bin/cmake --install /mnt/c/Users/adeza/OneDrive/Escritorio/2MII/IngenieriaSoftware/SE25/ros2_robot_ws/build/ros2_control_demo_example_7
