[0.469s] DEBUG:colcon:Command line arguments: ['/usr/bin/colcon', 'build', '--symlink-install', '--packages-select', 'ros2_control_demo_description', 'ros2_control_demo_example_7']
[0.469s] DEBUG:colcon:Parsed command line arguments: Namespace(log_base=None, log_level=None, verb_name='build', build_base='build', install_base='install', merge_install=False, symlink_install=True, test_result_base=None, continue_on_error=False, executor='parallel', parallel_workers=8, event_handlers=None, ignore_user_meta=False, metas=['./colcon.meta'], base_paths=['.'], packages_ignore=None, packages_ignore_regex=None, paths=None, packages_up_to=None, packages_up_to_regex=None, packages_above=None, packages_above_and_dependencies=None, packages_above_depth=None, packages_select_by_dep=None, packages_skip_by_dep=None, packages_skip_up_to=None, packages_select_build_failed=False, packages_skip_build_finished=False, packages_select_test_failures=False, packages_skip_test_passed=False, packages_select=['ros2_control_demo_description', 'ros2_control_demo_example_7'], packages_skip=None, packages_select_regex=None, packages_skip_regex=None, packages_start=None, packages_end=None, allow_overriding=[], cmake_args=None, cmake_target=None, cmake_target_skip_unavailable=False, cmake_clean_cache=False, cmake_clean_first=False, cmake_force_configure=False, ament_cmake_args=None, catkin_cmake_args=None, catkin_skip_building_tests=False, verb_parser=<colcon_defaults.argument_parser.defaults.DefaultArgumentsDecorator object at 0x79c2e59672f0>, verb_extension=<colcon_core.verb.build.BuildVerb object at 0x79c2e5967110>, main=<bound method BuildVerb.main of <colcon_core.verb.build.BuildVerb object at 0x79c2e5967110>>)
[0.555s] Level 1:colcon.colcon_core.package_discovery:discover_packages(colcon_meta) check parameters
[0.556s] Level 1:colcon.colcon_core.package_discovery:discover_packages(recursive) check parameters
[0.556s] Level 1:colcon.colcon_core.package_discovery:discover_packages(ignore) check parameters
[0.556s] Level 1:colcon.colcon_core.package_discovery:discover_packages(path) check parameters
[0.557s] Level 1:colcon.colcon_core.package_discovery:discover_packages(colcon_meta) discover
[0.557s] Level 1:colcon.colcon_core.package_discovery:discover_packages(recursive) discover
[0.558s] INFO:colcon.colcon_core.package_discovery:Crawling recursively for packages in '/mnt/c/Users/adeza/OneDrive/Escritorio/2MII/IngenieriaSoftware/SE25/ros2_robot_ws'
[0.560s] Level 1:colcon.colcon_core.package_identification:_identify(.) by extensions ['ignore', 'ignore_ament_install']
[0.561s] Level 1:colcon.colcon_core.package_identification:_identify(.) by extension 'ignore'
[0.561s] Level 1:colcon.colcon_core.package_identification:_identify(.) by extension 'ignore_ament_install'
[0.562s] Level 1:colcon.colcon_core.package_identification:_identify(.) by extensions ['colcon_pkg']
[0.563s] Level 1:colcon.colcon_core.package_identification:_identify(.) by extension 'colcon_pkg'
[0.563s] Level 1:colcon.colcon_core.package_identification:_identify(.) by extensions ['colcon_meta']
[0.564s] Level 1:colcon.colcon_core.package_identification:_identify(.) by extension 'colcon_meta'
[0.564s] Level 1:colcon.colcon_core.package_identification:_identify(.) by extensions ['ros']
[0.564s] Level 1:colcon.colcon_core.package_identification:_identify(.) by extension 'ros'
[0.596s] Level 1:colcon.colcon_core.package_identification:_identify(.) by extensions ['cmake', 'python']
[0.596s] Level 1:colcon.colcon_core.package_identification:_identify(.) by extension 'cmake'
[0.597s] Level 1:colcon.colcon_core.package_identification:_identify(.) by extension 'python'
[0.598s] Level 1:colcon.colcon_core.package_identification:_identify(.) by extensions ['python_setup_py']
[0.598s] Level 1:colcon.colcon_core.package_identification:_identify(.) by extension 'python_setup_py'
[0.604s] Level 1:colcon.colcon_core.package_identification:_identify(build) by extensions ['ignore', 'ignore_ament_install']
[0.604s] Level 1:colcon.colcon_core.package_identification:_identify(build) by extension 'ignore'
[0.606s] Level 1:colcon.colcon_core.package_identification:_identify(build) ignored
[0.610s] Level 1:colcon.colcon_core.package_identification:_identify(install) by extensions ['ignore', 'ignore_ament_install']
[0.610s] Level 1:colcon.colcon_core.package_identification:_identify(install) by extension 'ignore'
[0.612s] Level 1:colcon.colcon_core.package_identification:_identify(install) ignored
[0.618s] Level 1:colcon.colcon_core.package_identification:_identify(log) by extensions ['ignore', 'ignore_ament_install']
[0.619s] Level 1:colcon.colcon_core.package_identification:_identify(log) by extension 'ignore'
[0.620s] Level 1:colcon.colcon_core.package_identification:_identify(log) ignored
[0.624s] Level 1:colcon.colcon_core.package_identification:_identify(src) by extensions ['ignore', 'ignore_ament_install']
[0.624s] Level 1:colcon.colcon_core.package_identification:_identify(src) by extension 'ignore'
[0.626s] Level 1:colcon.colcon_core.package_identification:_identify(src) by extension 'ignore_ament_install'
[0.628s] Level 1:colcon.colcon_core.package_identification:_identify(src) by extensions ['colcon_pkg']
[0.628s] Level 1:colcon.colcon_core.package_identification:_identify(src) by extension 'colcon_pkg'
[0.629s] Level 1:colcon.colcon_core.package_identification:_identify(src) by extensions ['colcon_meta']
[0.629s] Level 1:colcon.colcon_core.package_identification:_identify(src) by extension 'colcon_meta'
[0.630s] Level 1:colcon.colcon_core.package_identification:_identify(src) by extensions ['ros']
[0.631s] Level 1:colcon.colcon_core.package_identification:_identify(src) by extension 'ros'
[0.636s] Level 1:colcon.colcon_core.package_identification:_identify(src) by extensions ['cmake', 'python']
[0.636s] Level 1:colcon.colcon_core.package_identification:_identify(src) by extension 'cmake'
[0.637s] Level 1:colcon.colcon_core.package_identification:_identify(src) by extension 'python'
[0.638s] Level 1:colcon.colcon_core.package_identification:_identify(src) by extensions ['python_setup_py']
[0.638s] Level 1:colcon.colcon_core.package_identification:_identify(src) by extension 'python_setup_py'
[0.643s] Level 1:colcon.colcon_core.package_identification:_identify(src/ros2_control_demo_description) by extensions ['ignore', 'ignore_ament_install']
[0.644s] Level 1:colcon.colcon_core.package_identification:_identify(src/ros2_control_demo_description) by extension 'ignore'
[0.646s] Level 1:colcon.colcon_core.package_identification:_identify(src/ros2_control_demo_description) by extension 'ignore_ament_install'
[0.648s] Level 1:colcon.colcon_core.package_identification:_identify(src/ros2_control_demo_description) by extensions ['colcon_pkg']
[0.649s] Level 1:colcon.colcon_core.package_identification:_identify(src/ros2_control_demo_description) by extension 'colcon_pkg'
[0.651s] Level 1:colcon.colcon_core.package_identification:_identify(src/ros2_control_demo_description) by extensions ['colcon_meta']
[0.651s] Level 1:colcon.colcon_core.package_identification:_identify(src/ros2_control_demo_description) by extension 'colcon_meta'
[0.654s] Level 1:colcon.colcon_core.package_identification:_identify(src/ros2_control_demo_description) by extensions ['ros']
[0.654s] Level 1:colcon.colcon_core.package_identification:_identify(src/ros2_control_demo_description) by extension 'ros'
[0.677s] DEBUG:colcon.colcon_core.package_identification:Package 'src/ros2_control_demo_description' with type 'ros.ament_cmake' and name 'ros2_control_demo_description'
[0.683s] Level 1:colcon.colcon_core.package_identification:_identify(src/ros2_control_demo_example_7) by extensions ['ignore', 'ignore_ament_install']
[0.684s] Level 1:colcon.colcon_core.package_identification:_identify(src/ros2_control_demo_example_7) by extension 'ignore'
[0.686s] Level 1:colcon.colcon_core.package_identification:_identify(src/ros2_control_demo_example_7) by extension 'ignore_ament_install'
[0.689s] Level 1:colcon.colcon_core.package_identification:_identify(src/ros2_control_demo_example_7) by extensions ['colcon_pkg']
[0.689s] Level 1:colcon.colcon_core.package_identification:_identify(src/ros2_control_demo_example_7) by extension 'colcon_pkg'
[0.691s] Level 1:colcon.colcon_core.package_identification:_identify(src/ros2_control_demo_example_7) by extensions ['colcon_meta']
[0.692s] Level 1:colcon.colcon_core.package_identification:_identify(src/ros2_control_demo_example_7) by extension 'colcon_meta'
[0.694s] Level 1:colcon.colcon_core.package_identification:_identify(src/ros2_control_demo_example_7) by extensions ['ros']
[0.695s] Level 1:colcon.colcon_core.package_identification:_identify(src/ros2_control_demo_example_7) by extension 'ros'
[0.715s] DEBUG:colcon.colcon_core.package_identification:Package 'src/ros2_control_demo_example_7' with type 'ros.ament_cmake' and name 'ros2_control_demo_example_7'
[0.715s] Level 1:colcon.colcon_core.package_discovery:discover_packages(recursive) using defaults
[0.716s] Level 1:colcon.colcon_core.package_discovery:discover_packages(ignore) discover
[0.716s] Level 1:colcon.colcon_core.package_discovery:discover_packages(ignore) using defaults
[0.717s] Level 1:colcon.colcon_core.package_discovery:discover_packages(path) discover
[0.717s] Level 1:colcon.colcon_core.package_discovery:discover_packages(path) using defaults
[0.767s] Level 1:colcon.colcon_core.package_discovery:discover_packages(prefix_path) check parameters
[0.768s] Level 1:colcon.colcon_core.package_discovery:discover_packages(prefix_path) discover
[0.779s] DEBUG:colcon.colcon_installed_package_information.package_discovery:Found 414 installed packages in /opt/ros/jazzy
[0.781s] Level 1:colcon.colcon_core.package_discovery:discover_packages(prefix_path) using defaults
[0.844s] Level 5:colcon.colcon_core.verb:set package 'ros2_control_demo_description' build argument 'cmake_args' from command line to 'None'
[0.844s] Level 5:colcon.colcon_core.verb:set package 'ros2_control_demo_description' build argument 'cmake_target' from command line to 'None'
[0.844s] Level 5:colcon.colcon_core.verb:set package 'ros2_control_demo_description' build argument 'cmake_target_skip_unavailable' from command line to 'False'
[0.845s] Level 5:colcon.colcon_core.verb:set package 'ros2_control_demo_description' build argument 'cmake_clean_cache' from command line to 'False'
[0.845s] Level 5:colcon.colcon_core.verb:set package 'ros2_control_demo_description' build argument 'cmake_clean_first' from command line to 'False'
[0.845s] Level 5:colcon.colcon_core.verb:set package 'ros2_control_demo_description' build argument 'cmake_force_configure' from command line to 'False'
[0.845s] Level 5:colcon.colcon_core.verb:set package 'ros2_control_demo_description' build argument 'ament_cmake_args' from command line to 'None'
[0.846s] Level 5:colcon.colcon_core.verb:set package 'ros2_control_demo_description' build argument 'catkin_cmake_args' from command line to 'None'
[0.846s] Level 5:colcon.colcon_core.verb:set package 'ros2_control_demo_description' build argument 'catkin_skip_building_tests' from command line to 'False'
[0.846s] DEBUG:colcon.colcon_core.verb:Building package 'ros2_control_demo_description' with the following arguments: {'ament_cmake_args': None, 'build_base': '/mnt/c/Users/adeza/OneDrive/Escritorio/2MII/IngenieriaSoftware/SE25/ros2_robot_ws/build/ros2_control_demo_description', 'catkin_cmake_args': None, 'catkin_skip_building_tests': False, 'cmake_args': None, 'cmake_clean_cache': False, 'cmake_clean_first': False, 'cmake_force_configure': False, 'cmake_target': None, 'cmake_target_skip_unavailable': False, 'install_base': '/mnt/c/Users/adeza/OneDrive/Escritorio/2MII/IngenieriaSoftware/SE25/ros2_robot_ws/install/ros2_control_demo_description', 'merge_install': False, 'path': '/mnt/c/Users/adeza/OneDrive/Escritorio/2MII/IngenieriaSoftware/SE25/ros2_robot_ws/src/ros2_control_demo_description', 'symlink_install': True, 'test_result_base': None}
[0.847s] Level 5:colcon.colcon_core.verb:set package 'ros2_control_demo_example_7' build argument 'cmake_args' from command line to 'None'
[0.847s] Level 5:colcon.colcon_core.verb:set package 'ros2_control_demo_example_7' build argument 'cmake_target' from command line to 'None'
[0.848s] Level 5:colcon.colcon_core.verb:set package 'ros2_control_demo_example_7' build argument 'cmake_target_skip_unavailable' from command line to 'False'
[0.848s] Level 5:colcon.colcon_core.verb:set package 'ros2_control_demo_example_7' build argument 'cmake_clean_cache' from command line to 'False'
[0.848s] Level 5:colcon.colcon_core.verb:set package 'ros2_control_demo_example_7' build argument 'cmake_clean_first' from command line to 'False'
[0.848s] Level 5:colcon.colcon_core.verb:set package 'ros2_control_demo_example_7' build argument 'cmake_force_configure' from command line to 'False'
[0.849s] Level 5:colcon.colcon_core.verb:set package 'ros2_control_demo_example_7' build argument 'ament_cmake_args' from command line to 'None'
[0.849s] Level 5:colcon.colcon_core.verb:set package 'ros2_control_demo_example_7' build argument 'catkin_cmake_args' from command line to 'None'
[0.849s] Level 5:colcon.colcon_core.verb:set package 'ros2_control_demo_example_7' build argument 'catkin_skip_building_tests' from command line to 'False'
[0.849s] DEBUG:colcon.colcon_core.verb:Building package 'ros2_control_demo_example_7' with the following arguments: {'ament_cmake_args': None, 'build_base': '/mnt/c/Users/adeza/OneDrive/Escritorio/2MII/IngenieriaSoftware/SE25/ros2_robot_ws/build/ros2_control_demo_example_7', 'catkin_cmake_args': None, 'catkin_skip_building_tests': False, 'cmake_args': None, 'cmake_clean_cache': False, 'cmake_clean_first': False, 'cmake_force_configure': False, 'cmake_target': None, 'cmake_target_skip_unavailable': False, 'install_base': '/mnt/c/Users/adeza/OneDrive/Escritorio/2MII/IngenieriaSoftware/SE25/ros2_robot_ws/install/ros2_control_demo_example_7', 'merge_install': False, 'path': '/mnt/c/Users/adeza/OneDrive/Escritorio/2MII/IngenieriaSoftware/SE25/ros2_robot_ws/src/ros2_control_demo_example_7', 'symlink_install': True, 'test_result_base': None}
[0.850s] INFO:colcon.colcon_core.executor:Executing jobs using 'parallel' executor
[0.851s] DEBUG:colcon.colcon_parallel_executor.executor.parallel:run_until_complete
[0.852s] INFO:colcon.colcon_ros.task.ament_cmake.build:Building ROS package in '/mnt/c/Users/adeza/OneDrive/Escritorio/2MII/IngenieriaSoftware/SE25/ros2_robot_ws/src/ros2_control_demo_description' with build type 'ament_cmake'
[0.852s] INFO:colcon.colcon_cmake.task.cmake.build:Building CMake package in '/mnt/c/Users/adeza/OneDrive/Escritorio/2MII/IngenieriaSoftware/SE25/ros2_robot_ws/src/ros2_control_demo_description'
[0.862s] INFO:colcon.colcon_core.plugin_system:Skipping extension 'colcon_core.shell.bat': Not used on non-Windows systems
[0.863s] INFO:colcon.colcon_core.shell:Skip shell extension 'powershell' for command environment: Not usable outside of PowerShell
[0.864s] DEBUG:colcon.colcon_core.shell:Skip shell extension 'dsv' for command environment
[1.006s] DEBUG:colcon.colcon_core.event_handler.log_command:Invoking command in '/mnt/c/Users/adeza/OneDrive/Escritorio/2MII/IngenieriaSoftware/SE25/ros2_robot_ws/build/ros2_control_demo_description': CMAKE_PREFIX_PATH=${CMAKE_PREFIX_PATH}:/opt/ros/jazzy /usr/bin/cmake /mnt/c/Users/adeza/OneDrive/Escritorio/2MII/IngenieriaSoftware/SE25/ros2_robot_ws/src/ros2_control_demo_description -DAMENT_CMAKE_SYMLINK_INSTALL=1 -DCMAKE_INSTALL_PREFIX=/mnt/c/Users/adeza/OneDrive/Escritorio/2MII/IngenieriaSoftware/SE25/ros2_robot_ws/install/ros2_control_demo_description
[12.954s] DEBUG:colcon.colcon_core.event_handler.log_command:Invoked command in '/mnt/c/Users/adeza/OneDrive/Escritorio/2MII/IngenieriaSoftware/SE25/ros2_robot_ws/build/ros2_control_demo_description' returned '0': CMAKE_PREFIX_PATH=${CMAKE_PREFIX_PATH}:/opt/ros/jazzy /usr/bin/cmake /mnt/c/Users/adeza/OneDrive/Escritorio/2MII/IngenieriaSoftware/SE25/ros2_robot_ws/src/ros2_control_demo_description -DAMENT_CMAKE_SYMLINK_INSTALL=1 -DCMAKE_INSTALL_PREFIX=/mnt/c/Users/adeza/OneDrive/Escritorio/2MII/IngenieriaSoftware/SE25/ros2_robot_ws/install/ros2_control_demo_description
[12.968s] DEBUG:colcon.colcon_core.event_handler.log_command:Invoking command in '/mnt/c/Users/adeza/OneDrive/Escritorio/2MII/IngenieriaSoftware/SE25/ros2_robot_ws/build/ros2_control_demo_description': CMAKE_PREFIX_PATH=${CMAKE_PREFIX_PATH}:/opt/ros/jazzy /usr/bin/cmake --build /mnt/c/Users/adeza/OneDrive/Escritorio/2MII/IngenieriaSoftware/SE25/ros2_robot_ws/build/ros2_control_demo_description -- -j8 -l8
[13.151s] DEBUG:colcon.colcon_core.event_handler.log_command:Invoked command in '/mnt/c/Users/adeza/OneDrive/Escritorio/2MII/IngenieriaSoftware/SE25/ros2_robot_ws/build/ros2_control_demo_description' returned '0': CMAKE_PREFIX_PATH=${CMAKE_PREFIX_PATH}:/opt/ros/jazzy /usr/bin/cmake --build /mnt/c/Users/adeza/OneDrive/Escritorio/2MII/IngenieriaSoftware/SE25/ros2_robot_ws/build/ros2_control_demo_description -- -j8 -l8
[13.201s] DEBUG:colcon.colcon_core.event_handler.log_command:Invoking command in '/mnt/c/Users/adeza/OneDrive/Escritorio/2MII/IngenieriaSoftware/SE25/ros2_robot_ws/build/ros2_control_demo_description': CMAKE_PREFIX_PATH=${CMAKE_PREFIX_PATH}:/opt/ros/jazzy /usr/bin/cmake --install /mnt/c/Users/adeza/OneDrive/Escritorio/2MII/IngenieriaSoftware/SE25/ros2_robot_ws/build/ros2_control_demo_description
[19.004s] Level 1:colcon.colcon_core.environment:create_environment_scripts_only(ros2_control_demo_description)
[19.008s] DEBUG:colcon.colcon_core.event_handler.log_command:Invoked command in '/mnt/c/Users/adeza/OneDrive/Escritorio/2MII/IngenieriaSoftware/SE25/ros2_robot_ws/build/ros2_control_demo_description' returned '0': CMAKE_PREFIX_PATH=${CMAKE_PREFIX_PATH}:/opt/ros/jazzy /usr/bin/cmake --install /mnt/c/Users/adeza/OneDrive/Escritorio/2MII/IngenieriaSoftware/SE25/ros2_robot_ws/build/ros2_control_demo_description
[19.021s] Level 1:colcon.colcon_core.environment:checking '/mnt/c/Users/adeza/OneDrive/Escritorio/2MII/IngenieriaSoftware/SE25/ros2_robot_ws/install/ros2_control_demo_description' for CMake module files
[19.208s] Level 1:colcon.colcon_core.environment:checking '/mnt/c/Users/adeza/OneDrive/Escritorio/2MII/IngenieriaSoftware/SE25/ros2_robot_ws/install/ros2_control_demo_description' for CMake config files
[19.511s] Level 1:colcon.colcon_core.shell:create_environment_hook('ros2_control_demo_description', 'cmake_prefix_path')
[19.512s] INFO:colcon.colcon_core.shell:Creating environment hook '/mnt/c/Users/adeza/OneDrive/Escritorio/2MII/IngenieriaSoftware/SE25/ros2_robot_ws/install/ros2_control_demo_description/share/ros2_control_demo_description/hook/cmake_prefix_path.ps1'
[19.547s] INFO:colcon.colcon_core.shell:Creating environment descriptor '/mnt/c/Users/adeza/OneDrive/Escritorio/2MII/IngenieriaSoftware/SE25/ros2_robot_ws/install/ros2_control_demo_description/share/ros2_control_demo_description/hook/cmake_prefix_path.dsv'
[19.589s] INFO:colcon.colcon_core.shell:Creating environment hook '/mnt/c/Users/adeza/OneDrive/Escritorio/2MII/IngenieriaSoftware/SE25/ros2_robot_ws/install/ros2_control_demo_description/share/ros2_control_demo_description/hook/cmake_prefix_path.sh'
[19.637s] Level 1:colcon.colcon_core.environment:checking '/mnt/c/Users/adeza/OneDrive/Escritorio/2MII/IngenieriaSoftware/SE25/ros2_robot_ws/install/ros2_control_demo_description/bin'
[19.641s] Level 1:colcon.colcon_core.environment:checking '/mnt/c/Users/adeza/OneDrive/Escritorio/2MII/IngenieriaSoftware/SE25/ros2_robot_ws/install/ros2_control_demo_description/lib/pkgconfig/ros2_control_demo_description.pc'
[19.645s] Level 1:colcon.colcon_core.environment:checking '/mnt/c/Users/adeza/OneDrive/Escritorio/2MII/IngenieriaSoftware/SE25/ros2_robot_ws/install/ros2_control_demo_description/lib/python3.12/site-packages'
[19.649s] Level 1:colcon.colcon_core.environment:checking '/mnt/c/Users/adeza/OneDrive/Escritorio/2MII/IngenieriaSoftware/SE25/ros2_robot_ws/install/ros2_control_demo_description/bin'
[19.654s] INFO:colcon.colcon_core.shell:Creating package script '/mnt/c/Users/adeza/OneDrive/Escritorio/2MII/IngenieriaSoftware/SE25/ros2_robot_ws/install/ros2_control_demo_description/share/ros2_control_demo_description/package.ps1'
[19.691s] INFO:colcon.colcon_core.shell:Creating package descriptor '/mnt/c/Users/adeza/OneDrive/Escritorio/2MII/IngenieriaSoftware/SE25/ros2_robot_ws/install/ros2_control_demo_description/share/ros2_control_demo_description/package.dsv'
[19.729s] INFO:colcon.colcon_core.shell:Creating package script '/mnt/c/Users/adeza/OneDrive/Escritorio/2MII/IngenieriaSoftware/SE25/ros2_robot_ws/install/ros2_control_demo_description/share/ros2_control_demo_description/package.sh'
[19.758s] INFO:colcon.colcon_core.shell:Creating package script '/mnt/c/Users/adeza/OneDrive/Escritorio/2MII/IngenieriaSoftware/SE25/ros2_robot_ws/install/ros2_control_demo_description/share/ros2_control_demo_description/package.bash'
[19.786s] INFO:colcon.colcon_core.shell:Creating package script '/mnt/c/Users/adeza/OneDrive/Escritorio/2MII/IngenieriaSoftware/SE25/ros2_robot_ws/install/ros2_control_demo_description/share/ros2_control_demo_description/package.zsh'
[19.822s] Level 1:colcon.colcon_core.environment:create_file_with_runtime_dependencies(/mnt/c/Users/adeza/OneDrive/Escritorio/2MII/IngenieriaSoftware/SE25/ros2_robot_ws/install/ros2_control_demo_description/share/colcon-core/packages/ros2_control_demo_description)
[19.902s] Level 1:colcon.colcon_core.environment:create_environment_scripts_only(ros2_control_demo_description)
[19.903s] Level 1:colcon.colcon_core.environment:checking '/mnt/c/Users/adeza/OneDrive/Escritorio/2MII/IngenieriaSoftware/SE25/ros2_robot_ws/install/ros2_control_demo_description' for CMake module files
[20.187s] Level 1:colcon.colcon_core.environment:checking '/mnt/c/Users/adeza/OneDrive/Escritorio/2MII/IngenieriaSoftware/SE25/ros2_robot_ws/install/ros2_control_demo_description' for CMake config files
[20.396s] Level 1:colcon.colcon_core.shell:create_environment_hook('ros2_control_demo_description', 'cmake_prefix_path')
[20.397s] INFO:colcon.colcon_core.shell:Creating environment hook '/mnt/c/Users/adeza/OneDrive/Escritorio/2MII/IngenieriaSoftware/SE25/ros2_robot_ws/install/ros2_control_demo_description/share/ros2_control_demo_description/hook/cmake_prefix_path.ps1'
[20.410s] INFO:colcon.colcon_core.shell:Creating environment descriptor '/mnt/c/Users/adeza/OneDrive/Escritorio/2MII/IngenieriaSoftware/SE25/ros2_robot_ws/install/ros2_control_demo_description/share/ros2_control_demo_description/hook/cmake_prefix_path.dsv'
[20.426s] INFO:colcon.colcon_core.shell:Creating environment hook '/mnt/c/Users/adeza/OneDrive/Escritorio/2MII/IngenieriaSoftware/SE25/ros2_robot_ws/install/ros2_control_demo_description/share/ros2_control_demo_description/hook/cmake_prefix_path.sh'
[20.453s] Level 1:colcon.colcon_core.environment:checking '/mnt/c/Users/adeza/OneDrive/Escritorio/2MII/IngenieriaSoftware/SE25/ros2_robot_ws/install/ros2_control_demo_description/bin'
[20.455s] Level 1:colcon.colcon_core.environment:checking '/mnt/c/Users/adeza/OneDrive/Escritorio/2MII/IngenieriaSoftware/SE25/ros2_robot_ws/install/ros2_control_demo_description/lib/pkgconfig/ros2_control_demo_description.pc'
[20.457s] Level 1:colcon.colcon_core.environment:checking '/mnt/c/Users/adeza/OneDrive/Escritorio/2MII/IngenieriaSoftware/SE25/ros2_robot_ws/install/ros2_control_demo_description/lib/python3.12/site-packages'
[20.460s] Level 1:colcon.colcon_core.environment:checking '/mnt/c/Users/adeza/OneDrive/Escritorio/2MII/IngenieriaSoftware/SE25/ros2_robot_ws/install/ros2_control_demo_description/bin'
[20.462s] INFO:colcon.colcon_core.shell:Creating package script '/mnt/c/Users/adeza/OneDrive/Escritorio/2MII/IngenieriaSoftware/SE25/ros2_robot_ws/install/ros2_control_demo_description/share/ros2_control_demo_description/package.ps1'
[20.482s] INFO:colcon.colcon_core.shell:Creating package descriptor '/mnt/c/Users/adeza/OneDrive/Escritorio/2MII/IngenieriaSoftware/SE25/ros2_robot_ws/install/ros2_control_demo_description/share/ros2_control_demo_description/package.dsv'
[20.504s] INFO:colcon.colcon_core.shell:Creating package script '/mnt/c/Users/adeza/OneDrive/Escritorio/2MII/IngenieriaSoftware/SE25/ros2_robot_ws/install/ros2_control_demo_description/share/ros2_control_demo_description/package.sh'
[20.523s] INFO:colcon.colcon_core.shell:Creating package script '/mnt/c/Users/adeza/OneDrive/Escritorio/2MII/IngenieriaSoftware/SE25/ros2_robot_ws/install/ros2_control_demo_description/share/ros2_control_demo_description/package.bash'
[20.545s] INFO:colcon.colcon_core.shell:Creating package script '/mnt/c/Users/adeza/OneDrive/Escritorio/2MII/IngenieriaSoftware/SE25/ros2_robot_ws/install/ros2_control_demo_description/share/ros2_control_demo_description/package.zsh'
[20.569s] Level 1:colcon.colcon_core.environment:create_file_with_runtime_dependencies(/mnt/c/Users/adeza/OneDrive/Escritorio/2MII/IngenieriaSoftware/SE25/ros2_robot_ws/install/ros2_control_demo_description/share/colcon-core/packages/ros2_control_demo_description)
[20.591s] INFO:colcon.colcon_ros.task.ament_cmake.build:Building ROS package in '/mnt/c/Users/adeza/OneDrive/Escritorio/2MII/IngenieriaSoftware/SE25/ros2_robot_ws/src/ros2_control_demo_example_7' with build type 'ament_cmake'
[20.592s] INFO:colcon.colcon_cmake.task.cmake.build:Building CMake package in '/mnt/c/Users/adeza/OneDrive/Escritorio/2MII/IngenieriaSoftware/SE25/ros2_robot_ws/src/ros2_control_demo_example_7'
[20.593s] INFO:colcon.colcon_core.shell:Skip shell extension 'powershell' for command environment: Not usable outside of PowerShell
[20.593s] DEBUG:colcon.colcon_core.shell:Skip shell extension 'dsv' for command environment
[20.951s] DEBUG:colcon.colcon_core.event_handler.log_command:Invoking command in '/mnt/c/Users/adeza/OneDrive/Escritorio/2MII/IngenieriaSoftware/SE25/ros2_robot_ws/build/ros2_control_demo_example_7': AMENT_PREFIX_PATH=/mnt/c/Users/adeza/OneDrive/Escritorio/2MII/IngenieriaSoftware/SE25/ros2_robot_ws/install/ros2_control_demo_description:${AMENT_PREFIX_PATH} CMAKE_PREFIX_PATH=/mnt/c/Users/adeza/OneDrive/Escritorio/2MII/IngenieriaSoftware/SE25/ros2_robot_ws/install/ros2_control_demo_description:/opt/ros/jazzy/opt/gz_sim_vendor:/opt/ros/jazzy/opt/gz_sensors_vendor:/opt/ros/jazzy/opt/gz_physics_vendor:/opt/ros/jazzy/opt/sdformat_vendor:/opt/ros/jazzy/opt/gz_gui_vendor:/opt/ros/jazzy/opt/gz_transport_vendor:/opt/ros/jazzy/opt/gz_rendering_vendor:/opt/ros/jazzy/opt/gz_plugin_vendor:/opt/ros/jazzy/opt/gz_fuel_tools_vendor:/opt/ros/jazzy/opt/gz_msgs_vendor:/opt/ros/jazzy/opt/gz_common_vendor:/opt/ros/jazzy/opt/gz_math_vendor:/opt/ros/jazzy/opt/gz_utils_vendor:/opt/ros/jazzy/opt/gz_tools_vendor:/opt/ros/jazzy/opt/gz_ogre_next_vendor:/opt/ros/jazzy/opt/gz_dartsim_vendor:/opt/ros/jazzy/opt/gz_cmake_vendor:/opt/ros/jazzy /usr/bin/cmake /mnt/c/Users/adeza/OneDrive/Escritorio/2MII/IngenieriaSoftware/SE25/ros2_robot_ws/src/ros2_control_demo_example_7 -DAMENT_CMAKE_SYMLINK_INSTALL=1 -DCMAKE_INSTALL_PREFIX=/mnt/c/Users/adeza/OneDrive/Escritorio/2MII/IngenieriaSoftware/SE25/ros2_robot_ws/install/ros2_control_demo_example_7
[44.527s] DEBUG:colcon.colcon_core.event_handler.log_command:Invoked command in '/mnt/c/Users/adeza/OneDrive/Escritorio/2MII/IngenieriaSoftware/SE25/ros2_robot_ws/build/ros2_control_demo_example_7' returned '0': AMENT_PREFIX_PATH=/mnt/c/Users/adeza/OneDrive/Escritorio/2MII/IngenieriaSoftware/SE25/ros2_robot_ws/install/ros2_control_demo_description:${AMENT_PREFIX_PATH} CMAKE_PREFIX_PATH=/mnt/c/Users/adeza/OneDrive/Escritorio/2MII/IngenieriaSoftware/SE25/ros2_robot_ws/install/ros2_control_demo_description:/opt/ros/jazzy/opt/gz_sim_vendor:/opt/ros/jazzy/opt/gz_sensors_vendor:/opt/ros/jazzy/opt/gz_physics_vendor:/opt/ros/jazzy/opt/sdformat_vendor:/opt/ros/jazzy/opt/gz_gui_vendor:/opt/ros/jazzy/opt/gz_transport_vendor:/opt/ros/jazzy/opt/gz_rendering_vendor:/opt/ros/jazzy/opt/gz_plugin_vendor:/opt/ros/jazzy/opt/gz_fuel_tools_vendor:/opt/ros/jazzy/opt/gz_msgs_vendor:/opt/ros/jazzy/opt/gz_common_vendor:/opt/ros/jazzy/opt/gz_math_vendor:/opt/ros/jazzy/opt/gz_utils_vendor:/opt/ros/jazzy/opt/gz_tools_vendor:/opt/ros/jazzy/opt/gz_ogre_next_vendor:/opt/ros/jazzy/opt/gz_dartsim_vendor:/opt/ros/jazzy/opt/gz_cmake_vendor:/opt/ros/jazzy /usr/bin/cmake /mnt/c/Users/adeza/OneDrive/Escritorio/2MII/IngenieriaSoftware/SE25/ros2_robot_ws/src/ros2_control_demo_example_7 -DAMENT_CMAKE_SYMLINK_INSTALL=1 -DCMAKE_INSTALL_PREFIX=/mnt/c/Users/adeza/OneDrive/Escritorio/2MII/IngenieriaSoftware/SE25/ros2_robot_ws/install/ros2_control_demo_example_7
[44.561s] DEBUG:colcon.colcon_core.event_handler.log_command:Invoking command in '/mnt/c/Users/adeza/OneDrive/Escritorio/2MII/IngenieriaSoftware/SE25/ros2_robot_ws/build/ros2_control_demo_example_7': AMENT_PREFIX_PATH=/mnt/c/Users/adeza/OneDrive/Escritorio/2MII/IngenieriaSoftware/SE25/ros2_robot_ws/install/ros2_control_demo_description:${AMENT_PREFIX_PATH} CMAKE_PREFIX_PATH=/mnt/c/Users/adeza/OneDrive/Escritorio/2MII/IngenieriaSoftware/SE25/ros2_robot_ws/install/ros2_control_demo_description:/opt/ros/jazzy/opt/gz_sim_vendor:/opt/ros/jazzy/opt/gz_sensors_vendor:/opt/ros/jazzy/opt/gz_physics_vendor:/opt/ros/jazzy/opt/sdformat_vendor:/opt/ros/jazzy/opt/gz_gui_vendor:/opt/ros/jazzy/opt/gz_transport_vendor:/opt/ros/jazzy/opt/gz_rendering_vendor:/opt/ros/jazzy/opt/gz_plugin_vendor:/opt/ros/jazzy/opt/gz_fuel_tools_vendor:/opt/ros/jazzy/opt/gz_msgs_vendor:/opt/ros/jazzy/opt/gz_common_vendor:/opt/ros/jazzy/opt/gz_math_vendor:/opt/ros/jazzy/opt/gz_utils_vendor:/opt/ros/jazzy/opt/gz_tools_vendor:/opt/ros/jazzy/opt/gz_ogre_next_vendor:/opt/ros/jazzy/opt/gz_dartsim_vendor:/opt/ros/jazzy/opt/gz_cmake_vendor:/opt/ros/jazzy /usr/bin/cmake --build /mnt/c/Users/adeza/OneDrive/Escritorio/2MII/IngenieriaSoftware/SE25/ros2_robot_ws/build/ros2_control_demo_example_7 -- -j8 -l8
[77.991s] DEBUG:colcon.colcon_core.event_handler.log_command:Invoked command in '/mnt/c/Users/adeza/OneDrive/Escritorio/2MII/IngenieriaSoftware/SE25/ros2_robot_ws/build/ros2_control_demo_example_7' returned '0': AMENT_PREFIX_PATH=/mnt/c/Users/adeza/OneDrive/Escritorio/2MII/IngenieriaSoftware/SE25/ros2_robot_ws/install/ros2_control_demo_description:${AMENT_PREFIX_PATH} CMAKE_PREFIX_PATH=/mnt/c/Users/adeza/OneDrive/Escritorio/2MII/IngenieriaSoftware/SE25/ros2_robot_ws/install/ros2_control_demo_description:/opt/ros/jazzy/opt/gz_sim_vendor:/opt/ros/jazzy/opt/gz_sensors_vendor:/opt/ros/jazzy/opt/gz_physics_vendor:/opt/ros/jazzy/opt/sdformat_vendor:/opt/ros/jazzy/opt/gz_gui_vendor:/opt/ros/jazzy/opt/gz_transport_vendor:/opt/ros/jazzy/opt/gz_rendering_vendor:/opt/ros/jazzy/opt/gz_plugin_vendor:/opt/ros/jazzy/opt/gz_fuel_tools_vendor:/opt/ros/jazzy/opt/gz_msgs_vendor:/opt/ros/jazzy/opt/gz_common_vendor:/opt/ros/jazzy/opt/gz_math_vendor:/opt/ros/jazzy/opt/gz_utils_vendor:/opt/ros/jazzy/opt/gz_tools_vendor:/opt/ros/jazzy/opt/gz_ogre_next_vendor:/opt/ros/jazzy/opt/gz_dartsim_vendor:/opt/ros/jazzy/opt/gz_cmake_vendor:/opt/ros/jazzy /usr/bin/cmake --build /mnt/c/Users/adeza/OneDrive/Escritorio/2MII/IngenieriaSoftware/SE25/ros2_robot_ws/build/ros2_control_demo_example_7 -- -j8 -l8
[78.072s] DEBUG:colcon.colcon_core.event_handler.log_command:Invoking command in '/mnt/c/Users/adeza/OneDrive/Escritorio/2MII/IngenieriaSoftware/SE25/ros2_robot_ws/build/ros2_control_demo_example_7': AMENT_PREFIX_PATH=/mnt/c/Users/adeza/OneDrive/Escritorio/2MII/IngenieriaSoftware/SE25/ros2_robot_ws/install/ros2_control_demo_description:${AMENT_PREFIX_PATH} CMAKE_PREFIX_PATH=/mnt/c/Users/adeza/OneDrive/Escritorio/2MII/IngenieriaSoftware/SE25/ros2_robot_ws/install/ros2_control_demo_description:/opt/ros/jazzy/opt/gz_sim_vendor:/opt/ros/jazzy/opt/gz_sensors_vendor:/opt/ros/jazzy/opt/gz_physics_vendor:/opt/ros/jazzy/opt/sdformat_vendor:/opt/ros/jazzy/opt/gz_gui_vendor:/opt/ros/jazzy/opt/gz_transport_vendor:/opt/ros/jazzy/opt/gz_rendering_vendor:/opt/ros/jazzy/opt/gz_plugin_vendor:/opt/ros/jazzy/opt/gz_fuel_tools_vendor:/opt/ros/jazzy/opt/gz_msgs_vendor:/opt/ros/jazzy/opt/gz_common_vendor:/opt/ros/jazzy/opt/gz_math_vendor:/opt/ros/jazzy/opt/gz_utils_vendor:/opt/ros/jazzy/opt/gz_tools_vendor:/opt/ros/jazzy/opt/gz_ogre_next_vendor:/opt/ros/jazzy/opt/gz_dartsim_vendor:/opt/ros/jazzy/opt/gz_cmake_vendor:/opt/ros/jazzy /usr/bin/cmake --install /mnt/c/Users/adeza/OneDrive/Escritorio/2MII/IngenieriaSoftware/SE25/ros2_robot_ws/build/ros2_control_demo_example_7
[83.883s] Level 1:colcon.colcon_core.environment:create_environment_scripts_only(ros2_control_demo_example_7)
[83.884s] Level 1:colcon.colcon_core.environment:checking '/mnt/c/Users/adeza/OneDrive/Escritorio/2MII/IngenieriaSoftware/SE25/ros2_robot_ws/install/ros2_control_demo_example_7' for CMake module files
[83.888s] DEBUG:colcon.colcon_core.event_handler.log_command:Invoked command in '/mnt/c/Users/adeza/OneDrive/Escritorio/2MII/IngenieriaSoftware/SE25/ros2_robot_ws/build/ros2_control_demo_example_7' returned '0': AMENT_PREFIX_PATH=/mnt/c/Users/adeza/OneDrive/Escritorio/2MII/IngenieriaSoftware/SE25/ros2_robot_ws/install/ros2_control_demo_description:${AMENT_PREFIX_PATH} CMAKE_PREFIX_PATH=/mnt/c/Users/adeza/OneDrive/Escritorio/2MII/IngenieriaSoftware/SE25/ros2_robot_ws/install/ros2_control_demo_description:/opt/ros/jazzy/opt/gz_sim_vendor:/opt/ros/jazzy/opt/gz_sensors_vendor:/opt/ros/jazzy/opt/gz_physics_vendor:/opt/ros/jazzy/opt/sdformat_vendor:/opt/ros/jazzy/opt/gz_gui_vendor:/opt/ros/jazzy/opt/gz_transport_vendor:/opt/ros/jazzy/opt/gz_rendering_vendor:/opt/ros/jazzy/opt/gz_plugin_vendor:/opt/ros/jazzy/opt/gz_fuel_tools_vendor:/opt/ros/jazzy/opt/gz_msgs_vendor:/opt/ros/jazzy/opt/gz_common_vendor:/opt/ros/jazzy/opt/gz_math_vendor:/opt/ros/jazzy/opt/gz_utils_vendor:/opt/ros/jazzy/opt/gz_tools_vendor:/opt/ros/jazzy/opt/gz_ogre_next_vendor:/opt/ros/jazzy/opt/gz_dartsim_vendor:/opt/ros/jazzy/opt/gz_cmake_vendor:/opt/ros/jazzy /usr/bin/cmake --install /mnt/c/Users/adeza/OneDrive/Escritorio/2MII/IngenieriaSoftware/SE25/ros2_robot_ws/build/ros2_control_demo_example_7
[84.267s] Level 1:colcon.colcon_core.environment:checking '/mnt/c/Users/adeza/OneDrive/Escritorio/2MII/IngenieriaSoftware/SE25/ros2_robot_ws/install/ros2_control_demo_example_7' for CMake config files
[84.615s] Level 1:colcon.colcon_core.shell:create_environment_hook('ros2_control_demo_example_7', 'cmake_prefix_path')
[84.616s] INFO:colcon.colcon_core.shell:Creating environment hook '/mnt/c/Users/adeza/OneDrive/Escritorio/2MII/IngenieriaSoftware/SE25/ros2_robot_ws/install/ros2_control_demo_example_7/share/ros2_control_demo_example_7/hook/cmake_prefix_path.ps1'
[84.641s] INFO:colcon.colcon_core.shell:Creating environment descriptor '/mnt/c/Users/adeza/OneDrive/Escritorio/2MII/IngenieriaSoftware/SE25/ros2_robot_ws/install/ros2_control_demo_example_7/share/ros2_control_demo_example_7/hook/cmake_prefix_path.dsv'
[84.666s] INFO:colcon.colcon_core.shell:Creating environment hook '/mnt/c/Users/adeza/OneDrive/Escritorio/2MII/IngenieriaSoftware/SE25/ros2_robot_ws/install/ros2_control_demo_example_7/share/ros2_control_demo_example_7/hook/cmake_prefix_path.sh'
[84.697s] Level 1:colcon.colcon_core.environment:checking '/mnt/c/Users/adeza/OneDrive/Escritorio/2MII/IngenieriaSoftware/SE25/ros2_robot_ws/install/ros2_control_demo_example_7/lib'
[84.711s] Level 1:colcon.colcon_core.shell:create_environment_hook('ros2_control_demo_example_7', 'ld_library_path_lib')
[84.712s] INFO:colcon.colcon_core.shell:Creating environment hook '/mnt/c/Users/adeza/OneDrive/Escritorio/2MII/IngenieriaSoftware/SE25/ros2_robot_ws/install/ros2_control_demo_example_7/share/ros2_control_demo_example_7/hook/ld_library_path_lib.ps1'
[84.761s] INFO:colcon.colcon_core.shell:Creating environment descriptor '/mnt/c/Users/adeza/OneDrive/Escritorio/2MII/IngenieriaSoftware/SE25/ros2_robot_ws/install/ros2_control_demo_example_7/share/ros2_control_demo_example_7/hook/ld_library_path_lib.dsv'
[84.800s] INFO:colcon.colcon_core.shell:Creating environment hook '/mnt/c/Users/adeza/OneDrive/Escritorio/2MII/IngenieriaSoftware/SE25/ros2_robot_ws/install/ros2_control_demo_example_7/share/ros2_control_demo_example_7/hook/ld_library_path_lib.sh'
[84.852s] Level 1:colcon.colcon_core.environment:checking '/mnt/c/Users/adeza/OneDrive/Escritorio/2MII/IngenieriaSoftware/SE25/ros2_robot_ws/install/ros2_control_demo_example_7/bin'
[84.857s] Level 1:colcon.colcon_core.environment:checking '/mnt/c/Users/adeza/OneDrive/Escritorio/2MII/IngenieriaSoftware/SE25/ros2_robot_ws/install/ros2_control_demo_example_7/lib/pkgconfig/ros2_control_demo_example_7.pc'
[84.864s] Level 1:colcon.colcon_core.environment:checking '/mnt/c/Users/adeza/OneDrive/Escritorio/2MII/IngenieriaSoftware/SE25/ros2_robot_ws/install/ros2_control_demo_example_7/lib/python3.12/site-packages'
[84.869s] Level 1:colcon.colcon_core.environment:checking '/mnt/c/Users/adeza/OneDrive/Escritorio/2MII/IngenieriaSoftware/SE25/ros2_robot_ws/install/ros2_control_demo_example_7/bin'
[84.874s] INFO:colcon.colcon_core.shell:Creating package script '/mnt/c/Users/adeza/OneDrive/Escritorio/2MII/IngenieriaSoftware/SE25/ros2_robot_ws/install/ros2_control_demo_example_7/share/ros2_control_demo_example_7/package.ps1'
[84.909s] INFO:colcon.colcon_core.shell:Creating package descriptor '/mnt/c/Users/adeza/OneDrive/Escritorio/2MII/IngenieriaSoftware/SE25/ros2_robot_ws/install/ros2_control_demo_example_7/share/ros2_control_demo_example_7/package.dsv'
[84.945s] INFO:colcon.colcon_core.shell:Creating package script '/mnt/c/Users/adeza/OneDrive/Escritorio/2MII/IngenieriaSoftware/SE25/ros2_robot_ws/install/ros2_control_demo_example_7/share/ros2_control_demo_example_7/package.sh'
[84.972s] INFO:colcon.colcon_core.shell:Creating package script '/mnt/c/Users/adeza/OneDrive/Escritorio/2MII/IngenieriaSoftware/SE25/ros2_robot_ws/install/ros2_control_demo_example_7/share/ros2_control_demo_example_7/package.bash'
[85.003s] INFO:colcon.colcon_core.shell:Creating package script '/mnt/c/Users/adeza/OneDrive/Escritorio/2MII/IngenieriaSoftware/SE25/ros2_robot_ws/install/ros2_control_demo_example_7/share/ros2_control_demo_example_7/package.zsh'
[85.027s] Level 1:colcon.colcon_core.environment:create_file_with_runtime_dependencies(/mnt/c/Users/adeza/OneDrive/Escritorio/2MII/IngenieriaSoftware/SE25/ros2_robot_ws/install/ros2_control_demo_example_7/share/colcon-core/packages/ros2_control_demo_example_7)
[85.104s] Level 1:colcon.colcon_core.environment:create_environment_scripts_only(ros2_control_demo_example_7)
[85.105s] Level 1:colcon.colcon_core.environment:checking '/mnt/c/Users/adeza/OneDrive/Escritorio/2MII/IngenieriaSoftware/SE25/ros2_robot_ws/install/ros2_control_demo_example_7' for CMake module files
[85.445s] Level 1:colcon.colcon_core.environment:checking '/mnt/c/Users/adeza/OneDrive/Escritorio/2MII/IngenieriaSoftware/SE25/ros2_robot_ws/install/ros2_control_demo_example_7' for CMake config files
[85.852s] Level 1:colcon.colcon_core.shell:create_environment_hook('ros2_control_demo_example_7', 'cmake_prefix_path')
[85.853s] INFO:colcon.colcon_core.shell:Creating environment hook '/mnt/c/Users/adeza/OneDrive/Escritorio/2MII/IngenieriaSoftware/SE25/ros2_robot_ws/install/ros2_control_demo_example_7/share/ros2_control_demo_example_7/hook/cmake_prefix_path.ps1'
[85.896s] INFO:colcon.colcon_core.shell:Creating environment descriptor '/mnt/c/Users/adeza/OneDrive/Escritorio/2MII/IngenieriaSoftware/SE25/ros2_robot_ws/install/ros2_control_demo_example_7/share/ros2_control_demo_example_7/hook/cmake_prefix_path.dsv'
[85.947s] INFO:colcon.colcon_core.shell:Creating environment hook '/mnt/c/Users/adeza/OneDrive/Escritorio/2MII/IngenieriaSoftware/SE25/ros2_robot_ws/install/ros2_control_demo_example_7/share/ros2_control_demo_example_7/hook/cmake_prefix_path.sh'
[86.017s] Level 1:colcon.colcon_core.environment:checking '/mnt/c/Users/adeza/OneDrive/Escritorio/2MII/IngenieriaSoftware/SE25/ros2_robot_ws/install/ros2_control_demo_example_7/lib'
[86.025s] Level 1:colcon.colcon_core.shell:create_environment_hook('ros2_control_demo_example_7', 'ld_library_path_lib')
[86.026s] INFO:colcon.colcon_core.shell:Creating environment hook '/mnt/c/Users/adeza/OneDrive/Escritorio/2MII/IngenieriaSoftware/SE25/ros2_robot_ws/install/ros2_control_demo_example_7/share/ros2_control_demo_example_7/hook/ld_library_path_lib.ps1'
[86.052s] INFO:colcon.colcon_core.shell:Creating environment descriptor '/mnt/c/Users/adeza/OneDrive/Escritorio/2MII/IngenieriaSoftware/SE25/ros2_robot_ws/install/ros2_control_demo_example_7/share/ros2_control_demo_example_7/hook/ld_library_path_lib.dsv'
[86.078s] INFO:colcon.colcon_core.shell:Creating environment hook '/mnt/c/Users/adeza/OneDrive/Escritorio/2MII/IngenieriaSoftware/SE25/ros2_robot_ws/install/ros2_control_demo_example_7/share/ros2_control_demo_example_7/hook/ld_library_path_lib.sh'
[86.118s] Level 1:colcon.colcon_core.environment:checking '/mnt/c/Users/adeza/OneDrive/Escritorio/2MII/IngenieriaSoftware/SE25/ros2_robot_ws/install/ros2_control_demo_example_7/bin'
[86.121s] Level 1:colcon.colcon_core.environment:checking '/mnt/c/Users/adeza/OneDrive/Escritorio/2MII/IngenieriaSoftware/SE25/ros2_robot_ws/install/ros2_control_demo_example_7/lib/pkgconfig/ros2_control_demo_example_7.pc'
[86.126s] Level 1:colcon.colcon_core.environment:checking '/mnt/c/Users/adeza/OneDrive/Escritorio/2MII/IngenieriaSoftware/SE25/ros2_robot_ws/install/ros2_control_demo_example_7/lib/python3.12/site-packages'
[86.131s] Level 1:colcon.colcon_core.environment:checking '/mnt/c/Users/adeza/OneDrive/Escritorio/2MII/IngenieriaSoftware/SE25/ros2_robot_ws/install/ros2_control_demo_example_7/bin'
[86.135s] INFO:colcon.colcon_core.shell:Creating package script '/mnt/c/Users/adeza/OneDrive/Escritorio/2MII/IngenieriaSoftware/SE25/ros2_robot_ws/install/ros2_control_demo_example_7/share/ros2_control_demo_example_7/package.ps1'
[86.172s] INFO:colcon.colcon_core.shell:Creating package descriptor '/mnt/c/Users/adeza/OneDrive/Escritorio/2MII/IngenieriaSoftware/SE25/ros2_robot_ws/install/ros2_control_demo_example_7/share/ros2_control_demo_example_7/package.dsv'
[86.197s] INFO:colcon.colcon_core.shell:Creating package script '/mnt/c/Users/adeza/OneDrive/Escritorio/2MII/IngenieriaSoftware/SE25/ros2_robot_ws/install/ros2_control_demo_example_7/share/ros2_control_demo_example_7/package.sh'
[86.223s] INFO:colcon.colcon_core.shell:Creating package script '/mnt/c/Users/adeza/OneDrive/Escritorio/2MII/IngenieriaSoftware/SE25/ros2_robot_ws/install/ros2_control_demo_example_7/share/ros2_control_demo_example_7/package.bash'
[86.257s] INFO:colcon.colcon_core.shell:Creating package script '/mnt/c/Users/adeza/OneDrive/Escritorio/2MII/IngenieriaSoftware/SE25/ros2_robot_ws/install/ros2_control_demo_example_7/share/ros2_control_demo_example_7/package.zsh'
[86.293s] Level 1:colcon.colcon_core.environment:create_file_with_runtime_dependencies(/mnt/c/Users/adeza/OneDrive/Escritorio/2MII/IngenieriaSoftware/SE25/ros2_robot_ws/install/ros2_control_demo_example_7/share/colcon-core/packages/ros2_control_demo_example_7)
[86.328s] DEBUG:colcon.colcon_parallel_executor.executor.parallel:closing loop
[86.329s] DEBUG:colcon.colcon_parallel_executor.executor.parallel:loop closed
[86.330s] DEBUG:colcon.colcon_parallel_executor.executor.parallel:run_until_complete finished with '0'
[86.331s] DEBUG:colcon.colcon_core.event_reactor:joining thread
[86.499s] INFO:colcon.colcon_core.plugin_system:Skipping extension 'colcon_notification.desktop_notification.notify_send': Could not find 'notify-send'
[86.500s] INFO:colcon.colcon_core.plugin_system:Skipping extension 'colcon_notification.desktop_notification.terminal_notifier': Not used on non-Darwin systems
[86.501s] INFO:colcon.colcon_core.plugin_system:Skipping extension 'colcon_notification.desktop_notification.win32': Not used on non-Windows systems
[86.501s] INFO:colcon.colcon_notification.desktop_notification:Sending desktop notification using 'notify2'
[86.561s] DEBUG:colcon.colcon_notification.desktop_notification.notify2:Failed to initialize notify2: org.freedesktop.DBus.Error.ServiceUnknown: The name org.freedesktop.Notifications was not provided by any .service files
[86.562s] DEBUG:colcon.colcon_core.event_reactor:joined thread
[86.563s] INFO:colcon.colcon_core.shell:Creating prefix script '/mnt/c/Users/adeza/OneDrive/Escritorio/2MII/IngenieriaSoftware/SE25/ros2_robot_ws/install/local_setup.ps1'
[86.581s] INFO:colcon.colcon_core.shell:Creating prefix util module '/mnt/c/Users/adeza/OneDrive/Escritorio/2MII/IngenieriaSoftware/SE25/ros2_robot_ws/install/_local_setup_util_ps1.py'
[86.596s] INFO:colcon.colcon_core.shell:Creating prefix chain script '/mnt/c/Users/adeza/OneDrive/Escritorio/2MII/IngenieriaSoftware/SE25/ros2_robot_ws/install/setup.ps1'
[86.611s] INFO:colcon.colcon_core.shell:Creating prefix script '/mnt/c/Users/adeza/OneDrive/Escritorio/2MII/IngenieriaSoftware/SE25/ros2_robot_ws/install/local_setup.sh'
[86.622s] INFO:colcon.colcon_core.shell:Creating prefix util module '/mnt/c/Users/adeza/OneDrive/Escritorio/2MII/IngenieriaSoftware/SE25/ros2_robot_ws/install/_local_setup_util_sh.py'
[86.634s] INFO:colcon.colcon_core.shell:Creating prefix chain script '/mnt/c/Users/adeza/OneDrive/Escritorio/2MII/IngenieriaSoftware/SE25/ros2_robot_ws/install/setup.sh'
[86.654s] INFO:colcon.colcon_core.shell:Creating prefix script '/mnt/c/Users/adeza/OneDrive/Escritorio/2MII/IngenieriaSoftware/SE25/ros2_robot_ws/install/local_setup.bash'
[86.667s] INFO:colcon.colcon_core.shell:Creating prefix chain script '/mnt/c/Users/adeza/OneDrive/Escritorio/2MII/IngenieriaSoftware/SE25/ros2_robot_ws/install/setup.bash'
[86.682s] INFO:colcon.colcon_core.shell:Creating prefix script '/mnt/c/Users/adeza/OneDrive/Escritorio/2MII/IngenieriaSoftware/SE25/ros2_robot_ws/install/local_setup.zsh'
[86.696s] INFO:colcon.colcon_core.shell:Creating prefix chain script '/mnt/c/Users/adeza/OneDrive/Escritorio/2MII/IngenieriaSoftware/SE25/ros2_robot_ws/install/setup.zsh'
